<?xml version="1.0" encoding="UTF-8"?>
<testng-results ignored="0" total="1" passed="1" failed="0" skipped="0">
  <reporter-output>
  </reporter-output>
  <suite started-at="2022-12-22T19:20:25 IST" name="Default suite" finished-at="2022-12-22T19:20:58 IST" duration-ms="32725">
    <groups>
    </groups>
    <test started-at="2022-12-22T19:20:25 IST" name="Default test" finished-at="2022-12-22T19:20:58 IST" duration-ms="32725">
      <class name="testSuites.TS_TestSuit_01">
        <test-method is-config="true" signature="setup()[pri:0, instance:testSuites.TS_TestSuit_01@12aba8be]" started-at="2022-12-22T19:20:25 IST" name="setup" finished-at="2022-12-22T19:20:28 IST" duration-ms="3247" status="PASS">
          <reporter-output>
          </reporter-output>
        </test-method> <!-- setup -->
        <test-method signature="TC_001()[pri:0, instance:testSuites.TS_TestSuit_01@12aba8be]" started-at="2022-12-22T19:20:28 IST" name="TC_001" finished-at="2022-12-22T19:20:58 IST" duration-ms="29425" status="PASS">
          <reporter-output>
          </reporter-output>
        </test-method> <!-- TC_001 -->
      </class> <!-- testSuites.TS_TestSuit_01 -->
    </test> <!-- Default test -->
  </suite> <!-- Default suite -->
</testng-results>
